1525205571613:create
1525206423439:quit
1525207171648:create
1525207418979:list
1525207423320:quit
1525207981474:create
1525207985075:quit
1525225526814:create
1525228175116:df
1525228203826:create
1525228315319:ce
1525228318519:create
1525228703647:quit
1525229092982:create
1525232486184:quit
1525232505718:create
1525232517996:quit
1525232904407:create
1525233176396:quit
1525233700166:create
1525234393418:quit
1525243281906:create
1525245453829:list
1525245459430:create
1525245483431:list
1525245644232:create
1525245666340:list
1525245697657:create
1525245773936:list
1525245960374:create
1525245979221:list
1525246145159:create
1525246154026:list
1525246680712:create
1525246711810:stacktrace
1525276411893:create
1525276449883:list
1525276527256:create
1525276762479:list
1525276917257:create
1525276934827:list
1525277257747:create
1525277281782:stacktrace
1525277415616:create
1525281196852:list
1525281410744:create
1525281423328:list
1525281592461:create
1525281604343:stacktrace
1525281765257:create
1525281777781:stacktrace
1525282164703:create
1525282200030:stacktrace
1525282398712:create
1525282406288:stacktrace
1525282547549:create
1525282556773:list
1525282646110:create
1525282654904:list
1525282702951:create
1525282719536:list
1525282863974:create
1525282891093:list
1525282905706:stacktrace
1525283005257:create
1525283021657:list
1525283029404:stacktrace
1525283094066:create
1525283105328:list
1525283152873:create
1525283159268:list
